0 info it worked if it ends with ok
1 verbose cli [ '/Users/AJAberdein/.nvm/versions/node/v5.0.0/bin/node',
1 verbose cli   '/Users/AJAberdein/.nvm/versions/node/v5.0.0/bin/npm',
1 verbose cli   'install' ]
2 info using npm@3.3.6
3 info using node@v5.0.0
4 silly loadCurrentTree Starting
5 silly install loadCurrentTree
6 silly install readLocalPackageData
7 silly install normalizeTree
8 silly loadCurrentTree Finishing
9 silly loadIdealTree Starting
10 silly install loadIdealTree
11 silly cloneCurrentTree Starting
12 silly install cloneCurrentTreeToIdealTree
13 silly cloneCurrentTree Finishing
14 silly loadShrinkwrap Starting
15 silly install loadShrinkwrap
16 silly loadShrinkwrap Finishing
17 silly loadAllDepsIntoIdealTree Starting
18 silly install loadAllDepsIntoIdealTree
19 silly fetchNamedPackageData gulp
20 silly mapToRegistry name gulp
21 silly mapToRegistry using default registry
22 silly mapToRegistry registry https://registry.npmjs.org/
23 silly mapToRegistry uri https://registry.npmjs.org/gulp
24 silly fetchNamedPackageData laravel-elixir
25 silly mapToRegistry name laravel-elixir
26 silly mapToRegistry using default registry
27 silly mapToRegistry registry https://registry.npmjs.org/
28 silly mapToRegistry uri https://registry.npmjs.org/laravel-elixir
29 silly fetchNamedPackageData bootstrap-sass
30 silly mapToRegistry name bootstrap-sass
31 silly mapToRegistry using default registry
32 silly mapToRegistry registry https://registry.npmjs.org/
33 silly mapToRegistry uri https://registry.npmjs.org/bootstrap-sass
34 verbose request uri https://registry.npmjs.org/laravel-elixir
35 verbose request no auth needed
36 info attempt registry request try #1 at 10:25:46 PM
37 verbose request id 2def41d70608b251
38 http request GET https://registry.npmjs.org/laravel-elixir
39 verbose request uri https://registry.npmjs.org/bootstrap-sass
40 verbose request no auth needed
41 info attempt registry request try #1 at 10:25:46 PM
42 http request GET https://registry.npmjs.org/bootstrap-sass
43 info retry will retry, error on last attempt: Error: getaddrinfo ENOTFOUND registry.npmjs.org registry.npmjs.org:443
44 info retry will retry, error on last attempt: Error: getaddrinfo ENOTFOUND registry.npmjs.org registry.npmjs.org:443
45 verbose request uri https://registry.npmjs.org/gulp
46 verbose request no auth needed
47 info attempt registry request try #1 at 10:25:46 PM
48 verbose etag "9YI8ZHLLW67A3R1CUTJ74LISX"
49 http request GET https://registry.npmjs.org/gulp
50 info retry will retry, error on last attempt: Error: getaddrinfo ENOTFOUND registry.npmjs.org registry.npmjs.org:443
51 info attempt registry request try #2 at 10:25:56 PM
52 http request GET https://registry.npmjs.org/laravel-elixir
53 info retry will retry, error on last attempt: Error: getaddrinfo ENOTFOUND registry.npmjs.org registry.npmjs.org:443
54 info attempt registry request try #2 at 10:25:56 PM
55 http request GET https://registry.npmjs.org/bootstrap-sass
56 info retry will retry, error on last attempt: Error: getaddrinfo ENOTFOUND registry.npmjs.org registry.npmjs.org:443
57 info attempt registry request try #2 at 10:25:56 PM
58 verbose etag "9YI8ZHLLW67A3R1CUTJ74LISX"
59 http request GET https://registry.npmjs.org/gulp
60 info retry will retry, error on last attempt: Error: getaddrinfo ENOTFOUND registry.npmjs.org registry.npmjs.org:443
61 info attempt registry request try #3 at 10:26:56 PM
62 http request GET https://registry.npmjs.org/laravel-elixir
63 info attempt registry request try #3 at 10:26:56 PM
64 http request GET https://registry.npmjs.org/bootstrap-sass
65 silly fetchPackageMetaData Error: getaddrinfo ENOTFOUND registry.npmjs.org registry.npmjs.org:443
65 silly fetchPackageMetaData     at errnoException (dns.js:26:10)
65 silly fetchPackageMetaData     at GetAddrInfoReqWrap.onlookup [as oncomplete] (dns.js:77:26)
65 silly fetchPackageMetaData  error for laravel-elixir@^5.0.0 { [Error: getaddrinfo ENOTFOUND registry.npmjs.org registry.npmjs.org:443]
65 silly fetchPackageMetaData   code: 'ENOTFOUND',
65 silly fetchPackageMetaData   errno: 'ENOTFOUND',
65 silly fetchPackageMetaData   syscall: 'getaddrinfo',
65 silly fetchPackageMetaData   hostname: 'registry.npmjs.org',
65 silly fetchPackageMetaData   host: 'registry.npmjs.org',
65 silly fetchPackageMetaData   port: 443 }
66 silly fetchPackageMetaData Error: getaddrinfo ENOTFOUND registry.npmjs.org registry.npmjs.org:443
66 silly fetchPackageMetaData     at errnoException (dns.js:26:10)
66 silly fetchPackageMetaData     at GetAddrInfoReqWrap.onlookup [as oncomplete] (dns.js:77:26)
66 silly fetchPackageMetaData  error for bootstrap-sass@^3.0.0 { [Error: getaddrinfo ENOTFOUND registry.npmjs.org registry.npmjs.org:443]
66 silly fetchPackageMetaData   code: 'ENOTFOUND',
66 silly fetchPackageMetaData   errno: 'ENOTFOUND',
66 silly fetchPackageMetaData   syscall: 'getaddrinfo',
66 silly fetchPackageMetaData   hostname: 'registry.npmjs.org',
66 silly fetchPackageMetaData   host: 'registry.npmjs.org',
66 silly fetchPackageMetaData   port: 443 }
67 info attempt registry request try #3 at 10:26:56 PM
68 verbose etag "9YI8ZHLLW67A3R1CUTJ74LISX"
69 http request GET https://registry.npmjs.org/gulp
70 silly get cb [ 304, undefined ]
71 verbose etag https://registry.npmjs.org/gulp from cache
72 verbose get saving gulp to /Users/AJAberdein/.npm/registry.npmjs.org/gulp/.cache.json
73 silly resolveWithNewModule gulp@3.9.1 checking installable status
74 silly cache add args [ 'gulp@^3.9.1', null ]
75 verbose cache add spec gulp@^3.9.1
76 silly cache add parsed spec Result {
76 silly cache add   raw: 'gulp@^3.9.1',
76 silly cache add   scope: null,
76 silly cache add   name: 'gulp',
76 silly cache add   rawSpec: '^3.9.1',
76 silly cache add   spec: '>=3.9.1 <4.0.0',
76 silly cache add   type: 'range' }
77 silly addNamed gulp@>=3.9.1 <4.0.0
78 verbose addNamed ">=3.9.1 <4.0.0" is a valid semver range for gulp
79 silly addNameRange { name: 'gulp', range: '>=3.9.1 <4.0.0', hasData: false }
80 silly mapToRegistry name gulp
81 silly mapToRegistry using default registry
82 silly mapToRegistry registry https://registry.npmjs.org/
83 silly mapToRegistry uri https://registry.npmjs.org/gulp
84 verbose addNameRange registry:https://registry.npmjs.org/gulp not in flight; fetching
85 verbose get https://registry.npmjs.org/gulp not expired, no request
86 silly addNameRange number 2 { name: 'gulp', range: '>=3.9.1 <4.0.0', hasData: true }
87 silly addNameRange versions [ 'gulp',
87 silly addNameRange   [ '0.0.1',
87 silly addNameRange     '0.0.2',
87 silly addNameRange     '0.0.3',
87 silly addNameRange     '0.0.4',
87 silly addNameRange     '0.0.5',
87 silly addNameRange     '0.0.7',
87 silly addNameRange     '0.0.8',
87 silly addNameRange     '0.0.9',
87 silly addNameRange     '0.1.0',
87 silly addNameRange     '0.2.0',
87 silly addNameRange     '1.0.0',
87 silly addNameRange     '1.1.0',
87 silly addNameRange     '1.2.0',
87 silly addNameRange     '1.2.1',
87 silly addNameRange     '2.0.0',
87 silly addNameRange     '2.0.1',
87 silly addNameRange     '2.1.0',
87 silly addNameRange     '2.2.0',
87 silly addNameRange     '2.3.0',
87 silly addNameRange     '2.4.0',
87 silly addNameRange     '2.4.1',
87 silly addNameRange     '2.6.0',
87 silly addNameRange     '2.6.1',
87 silly addNameRange     '2.7.0',
87 silly addNameRange     '3.0.0',
87 silly addNameRange     '3.1.1',
87 silly addNameRange     '3.1.2',
87 silly addNameRange     '3.1.3',
87 silly addNameRange     '3.1.4',
87 silly addNameRange     '3.2.0',
87 silly addNameRange     '3.2.1',
87 silly addNameRange     '3.2.2',
87 silly addNameRange     '3.2.3',
87 silly addNameRange     '3.2.4',
87 silly addNameRange     '3.2.5',
87 silly addNameRange     '3.3.0',
87 silly addNameRange     '3.3.1',
87 silly addNameRange     '3.3.2',
87 silly addNameRange     '3.3.4',
87 silly addNameRange     '3.4.0',
87 silly addNameRange     '3.5.0',
87 silly addNameRange     '3.5.1',
87 silly addNameRange     '3.5.2',
87 silly addNameRange     '3.5.5',
87 silly addNameRange     '3.5.6',
87 silly addNameRange     '3.6.0',
87 silly addNameRange     '3.6.1',
87 silly addNameRange     '3.6.2',
87 silly addNameRange     '3.7.0',
87 silly addNameRange     '3.8.0',
87 silly addNameRange     '3.8.1',
87 silly addNameRange     '3.8.2',
87 silly addNameRange     '3.8.3',
87 silly addNameRange     '3.8.4',
87 silly addNameRange     '3.8.5',
87 silly addNameRange     '3.8.6',
87 silly addNameRange     '3.8.7',
87 silly addNameRange     '3.8.8',
87 silly addNameRange     '3.8.9',
87 silly addNameRange     '3.8.10',
87 silly addNameRange     '3.8.11',
87 silly addNameRange     '3.9.0',
87 silly addNameRange     '3.9.1' ] ]
88 silly addNamed gulp@3.9.1
89 verbose addNamed "3.9.1" is a plain semver version for gulp
90 silly cache afterAdd gulp@3.9.1
91 verbose afterAdd /Users/AJAberdein/.npm/gulp/3.9.1/package/package.json not in flight; writing
92 verbose afterAdd /Users/AJAberdein/.npm/gulp/3.9.1/package/package.json written
93 silly rollbackFailedOptional Starting
94 silly rollbackFailedOptional Finishing
95 silly runTopLevelLifecycles Starting
96 silly runTopLevelLifecycles Finishing
97 silly install printInstalled
98 verbose stack Error: getaddrinfo ENOTFOUND registry.npmjs.org registry.npmjs.org:443
98 verbose stack     at errnoException (dns.js:26:10)
98 verbose stack     at GetAddrInfoReqWrap.onlookup [as oncomplete] (dns.js:77:26)
99 verbose cwd /Users/AJAberdein/Desktop/1---Laravel5FromScratch
100 error Darwin 15.3.0
101 error argv "/Users/AJAberdein/.nvm/versions/node/v5.0.0/bin/node" "/Users/AJAberdein/.nvm/versions/node/v5.0.0/bin/npm" "install"
102 error node v5.0.0
103 error npm  v3.3.6
104 error code ENOTFOUND
105 error errno ENOTFOUND
106 error syscall getaddrinfo
107 error network getaddrinfo ENOTFOUND registry.npmjs.org registry.npmjs.org:443
107 error network This is most likely not a problem with npm itself
107 error network and is related to network connectivity.
107 error network In most cases you are behind a proxy or have bad network settings.
107 error network
107 error network If you are behind a proxy, please make sure that the
107 error network 'proxy' config is set properly.  See: 'npm help config'
108 verbose exit [ 1, true ]
